SF:lib/data/repository/toilet/toilet_data_repository_impl.dart
DA:10,1
DA:12,1
DA:14,1
DA:17,2
DA:20,0
DA:22,0
DA:25,0
DA:28,0
DA:30,0
DA:33,0
LF:10
LH:4
end_of_record
SF:lib/data/source/toilet/local/toilet_db_helper.dart
DA:7,0
DA:12,0
DA:14,0
DA:15,0
DA:16,0
DA:18,0
DA:19,0
DA:21,0
DA:24,0
DA:31,0
DA:32,0
DA:33,0
LF:12
LH:0
end_of_record
SF:lib/data/source/toilet/remote/toilet_data_remote_source.dart
DA:8,1
DA:9,4
DA:10,2
LF:3
LH:3
end_of_record
SF:lib/domain/use_case/toilet/get_toilet_list_remote_use_case.dart
DA:6,1
DA:8,1
DA:9,2
LF:3
LH:3
end_of_record
SF:lib/domain/model/toilet/toilet.dart
DA:40,0
LF:1
LH:0
end_of_record
SF:lib/domain/model/toilet/toilet.g.dart
DA:9,0
DA:10,0
DA:11,0
DA:12,0
DA:13,0
DA:14,0
DA:15,0
DA:16,0
DA:17,0
DA:18,0
DA:19,0
DA:20,0
DA:22,0
DA:24,0
DA:25,0
DA:26,0
DA:27,0
DA:28,0
DA:29,0
DA:30,0
DA:31,0
DA:32,0
DA:33,0
DA:34,0
DA:35,0
DA:36,0
DA:37,0
DA:38,0
DA:39,0
DA:42,0
DA:43,0
DA:44,0
DA:45,0
DA:46,0
DA:47,0
DA:48,0
DA:49,0
DA:50,0
DA:51,0
DA:52,0
DA:53,0
DA:54,0
DA:55,0
DA:56,0
DA:57,0
DA:58,0
DA:59,0
DA:60,0
DA:61,0
DA:62,0
DA:63,0
DA:64,0
DA:65,0
DA:66,0
DA:67,0
DA:68,0
DA:69,0
DA:70,0
LF:58
LH:0
end_of_record
